TN:
SF:src/swagger.ts
FN:5,setupSwagger
FN:31,(anonymous_1)
FN:38,(anonymous_2)
FNF:3
FNH:0
FNDA:0,setupSwagger
FNDA:0,(anonymous_1)
FNDA:0,(anonymous_2)
DA:6,0
DA:28,0
DA:31,0
DA:32,0
DA:36,0
DA:39,0
DA:43,0
LF:7
LH:0
BRF:0
BRH:0
end_of_record
TN:
SF:src/__tests__/fixtures/answer.fixture.ts
FN:7,createAnswerData
FN:24,createLatexAnswerData
FNF:2
FNH:1
FNDA:13,createAnswerData
FNDA:0,createLatexAnswerData
DA:8,13
DA:25,0
LF:2
LH:1
BRDA:7,0,0,0
BRF:1
BRH:0
end_of_record
TN:
SF:src/__tests__/fixtures/exam.fixture.ts
FN:7,createExamData
FN:22,createMockPdfBuffer
FNF:2
FNH:1
FNDA:26,createExamData
FNDA:0,createMockPdfBuffer
DA:8,26
DA:24,0
DA:60,0
LF:3
LH:1
BRDA:7,0,0,0
BRF:1
BRH:0
end_of_record
TN:
SF:src/__tests__/helpers/auth.helper.ts
FN:10,createAuthenticatedUser
FN:40,createInvalidToken
FN:54,createExpiredToken
FNF:3
FNH:1
FNDA:59,createAuthenticatedUser
FNDA:0,createInvalidToken
FNDA:0,createExpiredToken
DA:5,4
DA:15,59
DA:25,59
DA:34,59
DA:41,0
DA:55,0
LF:6
LH:4
BRDA:5,0,0,4
BRDA:5,0,1,0
BRDA:10,1,0,39
BRDA:16,2,0,59
BRDA:16,2,1,40
BRDA:20,3,0,59
BRDA:20,3,1,50
BRDA:21,4,0,0
BRDA:21,4,1,59
BRF:9
BRH:7
end_of_record
TN:
SF:src/__tests__/helpers/email.mock.ts
FN:12,(anonymous_0)
FN:20,(anonymous_1)
FN:28,(anonymous_2)
FN:32,(anonymous_3)
FN:36,(anonymous_4)
FNF:5
FNH:0
FNDA:0,(anonymous_0)
FNDA:0,(anonymous_1)
FNDA:0,(anonymous_2)
FNDA:0,(anonymous_3)
FNDA:0,(anonymous_4)
DA:10,0
DA:13,0
DA:21,0
DA:29,0
DA:33,0
DA:37,0
DA:41,0
LF:7
LH:0
BRF:0
BRH:0
end_of_record
TN:
SF:src/__tests__/helpers/s3.mock.ts
FN:10,(anonymous_0)
FN:14,(anonymous_1)
FN:27,(anonymous_2)
FN:31,(anonymous_3)
FN:35,(anonymous_4)
FNF:5
FNH:0
FNDA:0,(anonymous_0)
FNDA:0,(anonymous_1)
FNDA:0,(anonymous_2)
FNDA:0,(anonymous_3)
FNDA:0,(anonymous_4)
DA:8,0
DA:11,0
DA:15,0
DA:16,0
DA:17,0
DA:20,0
DA:21,0
DA:28,0
DA:32,0
DA:36,0
DA:40,0
LF:11
LH:0
BRDA:16,0,0,0
BRDA:16,0,1,0
BRF:2
BRH:0
end_of_record
TN:
SF:src/middleware/auth.ts
FN:16,(anonymous_0)
FN:58,(anonymous_1)
FN:100,(anonymous_2)
FN:108,(anonymous_3)
FN:117,(anonymous_4)
FN:126,(anonymous_5)
FNF:6
FNH:4
FNDA:62,(anonymous_0)
FNDA:0,(anonymous_1)
FNDA:15,(anonymous_2)
FNDA:7,(anonymous_3)
FNDA:2,(anonymous_4)
FNDA:0,(anonymous_5)
DA:16,4
DA:21,62
DA:22,62
DA:24,62
DA:25,12
DA:26,12
DA:29,50
DA:30,50
DA:32,50
DA:33,50
DA:34,0
DA:35,0
DA:38,50
DA:39,0
DA:40,0
DA:43,50
DA:52,50
DA:54,0
DA:58,4
DA:63,0
DA:64,0
DA:66,0
DA:67,0
DA:68,0
DA:71,0
DA:72,0
DA:74,0
DA:75,0
DA:76,0
DA:86,0
DA:89,0
DA:101,15
DA:109,7
DA:110,7
DA:118,2
DA:119,2
DA:126,4
DA:131,0
DA:132,0
DA:133,0
DA:135,0
LF:41
LH:20
BRDA:24,0,0,12
BRDA:24,0,1,50
BRDA:24,1,0,62
BRDA:24,1,1,50
BRDA:33,2,0,0
BRDA:33,2,1,50
BRDA:38,3,0,0
BRDA:38,3,1,50
BRDA:66,4,0,0
BRDA:66,4,1,0
BRDA:66,5,0,0
BRDA:66,5,1,0
BRDA:75,6,0,0
BRDA:75,6,1,0
BRDA:75,7,0,0
BRDA:75,7,1,0
BRDA:109,8,0,0
BRDA:109,8,1,7
BRDA:110,9,0,7
BRDA:110,9,1,5
BRDA:118,10,0,0
BRDA:118,10,1,2
BRDA:131,11,0,0
BRDA:131,11,1,0
BRF:24
BRH:10
end_of_record
TN:
SF:src/models/Answer.ts
FNF:0
FNH:0
DA:22,3
DA:31,3
DA:42,3
DA:44,3
LF:4
LH:4
BRF:0
BRH:0
end_of_record
TN:
SF:src/models/Exam.ts
FNF:0
FNH:0
DA:15,4
DA:27,4
LF:2
LH:2
BRF:0
BRH:0
end_of_record
TN:
SF:src/models/Report.ts
FN:3,(anonymous_0)
FN:8,(anonymous_1)
FN:14,(anonymous_2)
FNF:3
FNH:3
FNDA:1,(anonymous_0)
FNDA:1,(anonymous_1)
FNDA:1,(anonymous_2)
DA:3,1
DA:4,1
DA:5,1
DA:8,1
DA:9,1
DA:10,1
DA:11,1
DA:14,1
DA:15,1
DA:16,1
DA:17,1
DA:18,1
DA:19,1
DA:37,1
DA:90,1
DA:93,1
DA:95,1
LF:17
LH:17
BRDA:3,0,0,1
BRDA:3,0,1,1
BRDA:8,1,0,1
BRDA:8,1,1,1
BRDA:14,2,0,1
BRDA:14,2,1,1
BRF:6
BRH:6
end_of_record
TN:
SF:src/models/User.ts
FN:3,(anonymous_0)
FN:33,(anonymous_1)
FNF:2
FNH:2
FNDA:5,(anonymous_0)
FNDA:72,(anonymous_1)
DA:3,5
DA:4,5
DA:5,5
DA:24,5
DA:34,72
DA:85,5
DA:86,5
DA:87,5
DA:89,5
LF:9
LH:9
BRDA:3,0,0,5
BRDA:3,0,1,5
BRF:2
BRH:2
end_of_record
TN:
SF:src/routes/answers.ts
FN:84,(anonymous_0)
FN:106,(anonymous_1)
FN:200,(anonymous_2)
FN:284,(anonymous_3)
FNF:4
FNH:4
FNDA:5,(anonymous_0)
FNDA:9,(anonymous_1)
FNDA:2,(anonymous_2)
FNDA:3,(anonymous_3)
DA:6,1
DA:84,1
DA:85,5
DA:86,5
DA:87,5
DA:88,2
DA:90,3
DA:91,3
DA:92,1
DA:93,1
DA:94,0
DA:96,1
DA:98,3
DA:99,3
DA:101,0
DA:102,0
DA:106,1
DA:107,9
DA:108,9
DA:115,9
DA:116,1
DA:118,8
DA:119,1
DA:121,7
DA:122,1
DA:126,6
DA:127,1
DA:131,5
DA:132,5
DA:133,1
DA:135,4
DA:136,1
DA:139,3
DA:151,3
DA:152,3
DA:154,0
DA:155,0
DA:200,1
DA:201,2
DA:202,2
DA:203,2
DA:207,2
DA:208,0
DA:212,2
DA:213,0
DA:217,2
DA:218,2
DA:219,0
DA:221,2
DA:222,0
DA:226,2
DA:228,2
DA:229,0
DA:233,2
DA:234,1
DA:239,1
DA:247,1
DA:249,1
DA:251,0
DA:252,0
DA:284,1
DA:285,3
DA:286,3
DA:288,3
DA:289,0
DA:293,3
DA:295,3
DA:296,0
DA:300,3
DA:301,1
DA:306,2
DA:308,2
DA:310,0
DA:311,0
LF:74
LH:58
BRDA:87,0,0,2
BRDA:87,0,1,3
BRDA:87,1,0,5
BRDA:87,1,1,4
BRDA:91,2,0,1
BRDA:91,2,1,2
BRDA:93,3,0,0
BRDA:93,3,1,1
BRDA:93,4,0,1
BRDA:93,4,1,1
BRDA:115,5,0,1
BRDA:115,5,1,8
BRDA:115,6,0,9
BRDA:115,6,1,8
BRDA:118,7,0,1
BRDA:118,7,1,7
BRDA:118,8,0,8
BRDA:118,8,1,8
BRDA:121,9,0,1
BRDA:121,9,1,6
BRDA:121,10,0,7
BRDA:121,10,1,7
BRDA:121,10,2,7
BRDA:126,11,0,1
BRDA:126,11,1,5
BRDA:126,12,0,6
BRDA:126,12,1,5
BRDA:126,12,2,5
BRDA:132,13,0,1
BRDA:132,13,1,4
BRDA:135,14,0,1
BRDA:135,14,1,3
BRDA:147,15,0,3
BRDA:147,15,1,1
BRDA:207,16,0,0
BRDA:207,16,1,2
BRDA:212,17,0,0
BRDA:212,17,1,2
BRDA:212,18,0,2
BRDA:212,18,1,2
BRDA:212,18,2,2
BRDA:218,19,0,0
BRDA:218,19,1,2
BRDA:221,20,0,0
BRDA:221,20,1,2
BRDA:228,21,0,0
BRDA:228,21,1,2
BRDA:233,22,0,1
BRDA:233,22,1,1
BRDA:233,23,0,2
BRDA:233,23,1,0
BRDA:243,24,0,1
BRDA:243,24,1,0
BRDA:288,25,0,0
BRDA:288,25,1,3
BRDA:295,26,0,0
BRDA:295,26,1,3
BRDA:300,27,0,1
BRDA:300,27,1,2
BRDA:300,28,0,3
BRDA:300,28,1,0
BRF:61
BRH:50
end_of_record
TN:
SF:src/routes/auth.ts
FN:32,(anonymous_0)
FN:114,(anonymous_1)
FN:199,(anonymous_2)
FN:274,(anonymous_3)
FN:327,(anonymous_4)
FN:385,(anonymous_5)
FN:441,(anonymous_6)
FN:503,(anonymous_7)
FNF:8
FNH:6
FNDA:5,(anonymous_0)
FNDA:6,(anonymous_1)
FNDA:6,(anonymous_2)
FNDA:3,(anonymous_3)
FNDA:3,(anonymous_4)
FNDA:4,(anonymous_5)
FNDA:0,(anonymous_6)
FNDA:0,(anonymous_7)
DA:8,1
DA:11,1
DA:19,1
DA:28,1
DA:33,5
DA:34,1
DA:36,4
DA:53,1
DA:58,1
DA:62,1
DA:114,1
DA:115,6
DA:116,6
DA:117,6
DA:118,4
DA:121,2
DA:124,2
DA:125,2
DA:126,1
DA:130,1
DA:133,1
DA:134,1
DA:137,1
DA:146,1
DA:149,1
DA:151,0
DA:156,1
DA:157,1
DA:199,1
DA:200,6
DA:201,6
DA:202,6
DA:203,0
DA:206,6
DA:209,6
DA:210,6
DA:211,1
DA:215,5
DA:216,5
DA:217,1
DA:221,4
DA:222,1
DA:229,3
DA:234,3
DA:246,0
DA:247,0
DA:274,1
DA:275,3
DA:276,3
DA:278,3
DA:279,0
DA:282,3
DA:287,3
DA:288,2
DA:291,1
DA:292,1
DA:293,1
DA:294,1
DA:296,1
DA:298,0
DA:299,0
DA:327,1
DA:328,3
DA:329,3
DA:330,3
DA:331,2
DA:334,1
DA:336,1
DA:337,1
DA:339,1
DA:342,0
DA:343,0
DA:345,0
DA:346,0
DA:347,0
DA:349,0
DA:351,0
DA:353,0
DA:354,0
DA:385,1
DA:386,4
DA:387,4
DA:388,4
DA:389,1
DA:392,3
DA:394,3
DA:399,3
DA:400,2
DA:403,1
DA:405,1
DA:406,1
DA:407,1
DA:408,1
DA:410,1
DA:412,0
DA:413,0
DA:441,1
DA:442,0
DA:443,0
DA:445,0
DA:446,0
DA:449,0
DA:450,0
DA:451,0
DA:454,0
DA:455,0
DA:458,0
DA:459,0
DA:461,0
DA:462,0
DA:463,0
DA:465,0
DA:467,0
DA:469,0
DA:470,0
DA:503,1
DA:505,0
DA:506,0
DA:509,0
DA:510,0
DA:512,0
DA:513,0
DA:516,0
DA:517,0
DA:518,0
DA:522,0
DA:523,0
DA:524,0
DA:525,0
DA:527,0
DA:529,0
DA:530,0
LF:132
LH:80
BRDA:13,0,0,1
BRDA:13,0,1,0
BRDA:13,1,0,0
BRDA:13,1,1,0
BRDA:21,2,0,1
BRDA:21,2,1,0
BRDA:33,3,0,1
BRDA:33,3,1,4
BRDA:117,4,0,4
BRDA:117,4,1,2
BRDA:125,5,0,1
BRDA:125,5,1,1
BRDA:202,6,0,0
BRDA:202,6,1,6
BRDA:210,7,0,1
BRDA:210,7,1,5
BRDA:216,8,0,1
BRDA:216,8,1,4
BRDA:221,9,0,1
BRDA:221,9,1,3
BRDA:278,10,0,0
BRDA:278,10,1,3
BRDA:287,11,0,2
BRDA:287,11,1,1
BRDA:330,12,0,2
BRDA:330,12,1,1
BRDA:337,13,0,1
BRDA:337,13,1,0
BRDA:388,14,0,1
BRDA:388,14,1,3
BRDA:399,15,0,2
BRDA:399,15,1,1
BRDA:445,16,0,0
BRDA:445,16,1,0
BRDA:450,17,0,0
BRDA:450,17,1,0
BRDA:454,18,0,0
BRDA:454,18,1,0
BRDA:505,19,0,0
BRDA:505,19,1,0
BRDA:512,20,0,0
BRDA:512,20,1,0
BRDA:517,21,0,0
BRDA:517,21,1,0
BRF:44
BRH:25
end_of_record
TN:
SF:src/routes/exams.ts
FN:20,(anonymous_0)
FN:44,(anonymous_1)
FN:95,(anonymous_2)
FNF:3
FNH:3
FNDA:3,(anonymous_0)
FNDA:3,(anonymous_1)
FNDA:5,(anonymous_2)
DA:7,1
DA:20,1
DA:21,3
DA:22,3
DA:44,1
DA:45,3
DA:46,3
DA:49,3
DA:50,1
DA:53,2
DA:55,2
DA:56,1
DA:59,1
DA:61,0
DA:62,0
DA:95,1
DA:96,5
DA:97,5
DA:100,5
DA:101,0
DA:105,5
DA:107,5
DA:108,1
DA:112,4
DA:113,1
DA:117,3
DA:118,3
DA:120,3
DA:125,3
DA:126,3
DA:127,3
DA:129,0
DA:134,3
DA:136,3
DA:138,0
DA:139,0
LF:36
LH:30
BRDA:49,0,0,1
BRDA:49,0,1,2
BRDA:55,1,0,1
BRDA:55,1,1,1
BRDA:100,2,0,0
BRDA:100,2,1,5
BRDA:107,3,0,1
BRDA:107,3,1,4
BRDA:112,4,0,1
BRDA:112,4,1,3
BRF:10
BRH:9
end_of_record
TN:
SF:src/routes/files.ts
FN:68,(anonymous_0)
FN:135,(anonymous_1)
FN:164,(anonymous_2)
FNF:3
FNH:2
FNDA:1,(anonymous_0)
FNDA:2,(anonymous_1)
FNDA:0,(anonymous_2)
DA:9,1
DA:10,1
DA:64,1
DA:69,1
DA:70,0
DA:71,0
DA:76,0
DA:79,0
DA:80,0
DA:82,0
DA:90,0
DA:135,1
DA:136,2
DA:137,2
DA:140,2
DA:141,1
DA:145,1
DA:146,1
DA:147,1
DA:151,0
DA:154,0
DA:162,0
DA:164,0
DA:165,0
DA:166,0
DA:167,0
DA:171,0
DA:172,0
DA:173,0
LF:29
LH:12
BRDA:69,0,0,1
BRDA:69,0,1,0
BRDA:73,1,0,0
BRDA:73,1,1,0
BRDA:140,2,0,1
BRDA:140,2,1,1
BRDA:146,3,0,1
BRDA:146,3,1,0
BRDA:155,4,0,0
BRDA:155,4,1,0
BRDA:166,5,0,0
BRDA:166,5,1,0
BRDA:172,6,0,0
BRDA:172,6,1,0
BRF:14
BRH:4
end_of_record
TN:
SF:src/routes/health.ts
FN:21,(anonymous_0)
FNF:1
FNH:1
FNDA:3,(anonymous_0)
DA:2,1
DA:21,3
LF:2
LH:2
BRF:0
BRH:0
end_of_record
TN:
SF:src/routes/reports.ts
FN:54,(anonymous_0)
FN:160,(anonymous_1)
FN:259,(anonymous_2)
FNF:3
FNH:3
FNDA:9,(anonymous_0)
FNDA:4,(anonymous_1)
FNDA:4,(anonymous_2)
DA:9,1
DA:54,1
DA:55,9
DA:56,9
DA:64,9
DA:65,1
DA:68,8
DA:69,1
DA:72,7
DA:73,1
DA:77,6
DA:78,4
DA:79,4
DA:80,1
DA:82,2
DA:83,2
DA:84,2
DA:85,1
DA:90,4
DA:98,3
DA:103,1
DA:106,1
DA:107,1
DA:110,0
DA:160,1
DA:161,4
DA:163,4
DA:164,1
DA:167,3
DA:175,3
DA:176,3
DA:177,1
DA:179,3
DA:180,0
DA:184,3
DA:185,3
DA:188,3
DA:197,3
DA:199,3
DA:209,0
DA:210,0
DA:259,1
DA:260,4
DA:262,4
DA:263,1
DA:266,3
DA:267,3
DA:272,3
DA:273,0
DA:276,3
DA:277,1
DA:281,2
DA:282,2
DA:283,0
DA:286,2
DA:287,0
DA:291,2
DA:292,1
DA:293,1
DA:294,1
DA:296,1
DA:297,1
DA:299,1
DA:303,1
DA:306,1
DA:308,0
DA:309,0
DA:314,2
DA:321,2
DA:322,2
DA:324,0
DA:325,0
LF:72
LH:61
BRDA:64,0,0,1
BRDA:64,0,1,8
BRDA:64,1,0,9
BRDA:64,1,1,9
BRDA:68,2,0,1
BRDA:68,2,1,7
BRDA:68,3,0,8
BRDA:68,3,1,8
BRDA:72,4,0,1
BRDA:72,4,1,6
BRDA:72,5,0,7
BRDA:72,5,1,7
BRDA:77,6,0,4
BRDA:77,6,1,2
BRDA:79,7,0,1
BRDA:79,7,1,3
BRDA:82,8,0,2
BRDA:82,8,1,0
BRDA:84,9,0,1
BRDA:84,9,1,1
BRDA:94,10,0,4
BRDA:94,10,1,3
BRDA:106,11,0,1
BRDA:106,11,1,0
BRDA:106,12,0,1
BRDA:106,12,1,1
BRDA:106,12,2,1
BRDA:106,12,3,1
BRDA:163,13,0,1
BRDA:163,13,1,3
BRDA:167,14,0,2
BRDA:167,15,0,2
BRDA:176,16,0,1
BRDA:176,16,1,2
BRDA:176,17,0,3
BRDA:176,17,1,1
BRDA:179,18,0,0
BRDA:179,18,1,3
BRDA:179,19,0,3
BRDA:179,19,1,0
BRDA:184,20,0,3
BRDA:184,20,1,0
BRDA:184,21,0,3
BRDA:184,21,1,0
BRDA:185,22,0,3
BRDA:185,22,1,3
BRDA:185,23,0,3
BRDA:185,23,1,2
BRDA:262,24,0,1
BRDA:262,24,1,3
BRDA:272,25,0,0
BRDA:272,25,1,3
BRDA:276,26,0,1
BRDA:276,26,1,2
BRDA:276,27,0,3
BRDA:276,27,1,3
BRDA:282,28,0,0
BRDA:282,28,1,2
BRDA:286,29,0,0
BRDA:286,29,1,2
BRDA:291,30,0,1
BRDA:291,30,1,1
BRDA:292,31,0,1
BRDA:292,31,1,0
BRDA:294,32,0,1
BRDA:294,32,1,0
BRDA:308,33,0,0
BRDA:308,33,1,0
BRDA:315,34,0,1
BRDA:315,34,1,1
BRDA:318,35,0,2
BRDA:318,35,1,2
BRDA:321,36,0,1
BRDA:321,36,1,1
BRF:74
BRH:61
end_of_record
TN:
SF:src/services/email.ts
FN:13,(anonymous_0)
FN:33,(anonymous_1)
FN:54,(anonymous_2)
FN:120,(anonymous_3)
FNF:4
FNH:3
FNDA:1,(anonymous_0)
FNDA:1,(anonymous_1)
FNDA:1,(anonymous_2)
FNDA:0,(anonymous_3)
DA:15,1
DA:16,0
DA:18,1
DA:19,0
DA:22,1
DA:34,1
DA:45,1
DA:46,1
DA:47,0
DA:49,1
DA:50,1
DA:55,1
DA:57,1
DA:97,1
DA:112,1
DA:121,0
DA:123,0
DA:164,0
DA:179,0
DA:188,1
LF:20
LH:13
BRDA:15,0,0,0
BRDA:15,0,1,1
BRDA:15,1,0,1
BRDA:15,1,1,1
BRDA:18,2,0,0
BRDA:18,2,1,1
BRDA:23,3,0,1
BRDA:23,3,1,0
BRDA:24,4,0,1
BRDA:24,4,1,0
BRDA:36,5,0,1
BRDA:36,5,1,0
BRDA:37,6,0,1
BRDA:37,6,1,0
BRF:14
BRH:8
end_of_record
TN:
SF:src/services/s3.ts
FN:19,uploadBuffer
FN:31,downloadFile
FN:53,deleteFile
FN:62,objectKey
FNF:4
FNH:1
FNDA:0,uploadBuffer
FNDA:0,downloadFile
FNDA:4,deleteFile
FNDA:0,objectKey
DA:9,3
DA:20,0
DA:28,0
DA:32,0
DA:37,0
DA:39,0
DA:40,0
DA:43,0
DA:45,0
DA:54,4
DA:59,4
DA:63,0
LF:12
LH:3
BRDA:39,0,0,0
BRDA:39,0,1,0
BRF:2
BRH:0
end_of_record
TN:
SF:src/utils/auth.ts
FN:14,(anonymous_0)
FN:19,(anonymous_1)
FN:23,(anonymous_2)
FN:29,(anonymous_3)
FN:37,(anonymous_4)
FN:41,(anonymous_5)
FN:45,(anonymous_6)
FN:49,(anonymous_7)
FN:54,(anonymous_8)
FNF:9
FNH:5
FNDA:2,(anonymous_0)
FNDA:5,(anonymous_1)
FNDA:3,(anonymous_2)
FNDA:50,(anonymous_3)
FNDA:0,(anonymous_4)
FNDA:1,(anonymous_5)
FNDA:0,(anonymous_6)
FNDA:0,(anonymous_7)
FNDA:0,(anonymous_8)
DA:5,5
DA:6,5
DA:15,2
DA:16,2
DA:20,5
DA:24,3
DA:30,50
DA:31,50
DA:33,0
DA:38,0
DA:42,1
DA:46,0
DA:50,0
DA:51,0
DA:56,0
DA:57,0
LF:16
LH:9
BRDA:5,0,0,5
BRDA:5,0,1,0
BRDA:6,1,0,5
BRDA:6,1,1,0
BRDA:51,2,0,0
BRDA:51,2,1,0
BRF:6
BRH:2
end_of_record
